{
  "RSpec": {
    "coverage": {
      "/Users/sandiszthieme/shopify/internship/sandisz_t_intern_app_f22/app/helpers/application_helper.rb": {
        "lines": [
          1,
          null
        ]
      },
      "/Users/sandiszthieme/shopify/internship/sandisz_t_intern_app_f22/app/models/item.rb": {
        "lines": [
          1,
          1,
          1,
          null,
          1,
          null,
          1,
          22,
          null,
          null,
          1,
          22,
          22,
          null,
          null,
          1,
          13,
          null,
          null,
          null,
          null,
          13,
          null,
          null,
          1,
          14,
          null,
          null,
          null,
          null,
          14,
          null,
          null,
          1,
          12,
          null,
          null,
          null,
          1,
          4,
          null,
          null
        ]
      },
      "/Users/sandiszthieme/shopify/internship/sandisz_t_intern_app_f22/app/models/application_record.rb": {
        "lines": [
          1,
          1,
          null
        ]
      },
      "/Users/sandiszthieme/shopify/internship/sandisz_t_intern_app_f22/app/models/shipment_item.rb": {
        "lines": [
          1,
          1,
          1,
          null
        ]
      },
      "/Users/sandiszthieme/shopify/internship/sandisz_t_intern_app_f22/app/models/shipment.rb": {
        "lines": [
          1,
          1,
          1,
          null,
          1,
          35,
          22,
          null,
          13,
          null,
          null,
          null,
          1,
          29,
          24,
          null,
          5,
          null,
          null,
          null,
          1,
          6,
          null,
          null,
          1,
          6,
          null,
          null,
          1,
          4,
          null,
          null,
          1,
          4,
          null,
          null
        ]
      },
      "/Users/sandiszthieme/shopify/internship/sandisz_t_intern_app_f22/app/controllers/items_controller.rb": {
        "lines": [
          1,
          1,
          3,
          null,
          null,
          1,
          11,
          null,
          null,
          1,
          null,
          null,
          1,
          5,
          null,
          null,
          1,
          3,
          null,
          null,
          3,
          null,
          null,
          null,
          3,
          2,
          null,
          1,
          1,
          null,
          null,
          null,
          1,
          3,
          null,
          3,
          null,
          null,
          3,
          null,
          null,
          null,
          3,
          2,
          null,
          1,
          1,
          null,
          null,
          null
        ]
      },
      "/Users/sandiszthieme/shopify/internship/sandisz_t_intern_app_f22/app/controllers/application_controller.rb": {
        "lines": [
          1,
          null
        ]
      },
      "/Users/sandiszthieme/shopify/internship/sandisz_t_intern_app_f22/app/controllers/shipments_controller.rb": {
        "lines": [
          1,
          1,
          3,
          null,
          null,
          1,
          4,
          null,
          null
        ]
      }
    },
    "timestamp": 1652597675
  }
}
